This is pdfTeX, Version 3.141592653-2.6-1.40.24 (MiKTeX 22.10) (preloaded format=pdflatex 2023.3.10)  8 MAR 2025 20:09
entering extended mode
 restricted \write18 enabled.
 file:line:error style messages enabled.
 %&-line parsing enabled.
**"c:/Users/matif/Documents/NaN/Notebook C++/estufa.tex"
(c:/Users/matif/Documents/NaN/Notebook C++/estufa.tex
LaTeX2e <2022-06-01> patch level 5
L3 programming layer <2022-09-28> (C:\Users\matif\AppData\Local\Programs\MiKTeX\tex/latex/base\article.cls
Document Class: article 2021/10/04 v1.4n Standard LaTeX document class
(C:\Users\matif\AppData\Local\Programs\MiKTeX\tex/latex/base\size10.clo
File: size10.clo 2021/10/04 v1.4n Standard LaTeX file (size option)
)
\c@part=\count185
\c@section=\count186
\c@subsection=\count187
\c@subsubsection=\count188
\c@paragraph=\count189
\c@subparagraph=\count190
\c@figure=\count191
\c@table=\count192
\abovecaptionskip=\skip47
\belowcaptionskip=\skip48
\bibindent=\dimen138
) (C:\Users\matif\AppData\Local\Programs\MiKTeX\tex/latex/hyperref\hyperref.sty
Package: hyperref 2022-09-22 v7.00t Hypertext links for LaTeX
 (C:\Users\matif\AppData\Local\Programs\MiKTeX\tex/generic/ltxcmds\ltxcmds.sty
Package: ltxcmds 2020-05-10 v1.25 LaTeX kernel commands for general use (HO)
) (C:\Users\matif\AppData\Local\Programs\MiKTeX\tex/generic/iftex\iftex.sty
Package: iftex 2022/02/03 v1.0f TeX engine tests
) (C:\Users\matif\AppData\Local\Programs\MiKTeX\tex/generic/pdftexcmds\pdftexcmds.sty
Package: pdftexcmds 2020-06-27 v0.33 Utility functions of pdfTeX for LuaTeX (HO)
 (C:\Users\matif\AppData\Local\Programs\MiKTeX\tex/generic/infwarerr\infwarerr.sty
Package: infwarerr 2019/12/03 v1.5 Providing info/warning/error messages (HO)
)
Package pdftexcmds Info: \pdf@primitive is available.
Package pdftexcmds Info: \pdf@ifprimitive is available.
Package pdftexcmds Info: \pdfdraftmode found.
) (C:\Users\matif\AppData\Local\Programs\MiKTeX\tex/latex/graphics\keyval.sty
Package: keyval 2022/05/29 v1.15 key=value parser (DPC)
\KV@toks@=\toks16
) (C:\Users\matif\AppData\Local\Programs\MiKTeX\tex/latex/kvsetkeys\kvsetkeys.sty
Package: kvsetkeys 2022-10-05 v1.19 Key value parser (HO)
) (C:\Users\matif\AppData\Local\Programs\MiKTeX\tex/generic/kvdefinekeys\kvdefinekeys.sty
Package: kvdefinekeys 2019-12-19 v1.6 Define keys (HO)
) (C:\Users\matif\AppData\Local\Programs\MiKTeX\tex/generic/pdfescape\pdfescape.sty
Package: pdfescape 2019/12/09 v1.15 Implements pdfTeX's escape features (HO)
) (C:\Users\matif\AppData\Local\Programs\MiKTeX\tex/latex/hycolor\hycolor.sty
Package: hycolor 2020-01-27 v1.10 Color options for hyperref/bookmark (HO)
) (C:\Users\matif\AppData\Local\Programs\MiKTeX\tex/latex/letltxmacro\letltxmacro.sty
Package: letltxmacro 2019/12/03 v1.6 Let assignment for LaTeX macros (HO)
) (C:\Users\matif\AppData\Local\Programs\MiKTeX\tex/latex/auxhook\auxhook.sty
Package: auxhook 2019-12-17 v1.6 Hooks for auxiliary files (HO)
) (C:\Users\matif\AppData\Local\Programs\MiKTeX\tex/latex/hyperref\nameref.sty
Package: nameref 2022-05-17 v2.50 Cross-referencing by name of section
 (C:\Users\matif\AppData\Local\Programs\MiKTeX\tex/latex/refcount\refcount.sty
Package: refcount 2019/12/15 v3.6 Data extraction from label references (HO)
) (C:\Users\matif\AppData\Local\Programs\MiKTeX\tex/generic/gettitlestring\gettitlestring.sty
Package: gettitlestring 2019/12/15 v1.6 Cleanup title references (HO)
 (C:\Users\matif\AppData\Local\Programs\MiKTeX\tex/latex/kvoptions\kvoptions.sty
Package: kvoptions 2022-06-15 v3.15 Key value format for package options (HO)
))
\c@section@level=\count193
)
\@linkdim=\dimen139
\Hy@linkcounter=\count194
\Hy@pagecounter=\count195
 (C:\Users\matif\AppData\Local\Programs\MiKTeX\tex/latex/hyperref\pd1enc.def
File: pd1enc.def 2022-09-22 v7.00t Hyperref: PDFDocEncoding definition (HO)
Now handling font encoding PD1 ...
... no UTF-8 mapping file for font encoding PD1
) (C:\Users\matif\AppData\Local\Programs\MiKTeX\tex/generic/intcalc\intcalc.sty
Package: intcalc 2019/12/15 v1.3 Expandable calculations with integers (HO)
) (C:\Users\matif\AppData\Local\Programs\MiKTeX\tex/generic/etexcmds\etexcmds.sty
Package: etexcmds 2019/12/15 v1.7 Avoid name clashes with e-TeX commands (HO)
)
\Hy@SavedSpaceFactor=\count196
 (C:\Users\matif\AppData\Local\Programs\MiKTeX\tex/latex/hyperref\puenc.def
File: puenc.def 2022-09-22 v7.00t Hyperref: PDF Unicode definition (HO)
Now handling font encoding PU ...
... no UTF-8 mapping file for font encoding PU
)
Package hyperref Info: Hyper figures OFF on input line 4162.
Package hyperref Info: Link nesting OFF on input line 4167.
Package hyperref Info: Hyper index ON on input line 4170.
Package hyperref Info: Plain pages OFF on input line 4177.
Package hyperref Info: Backreferencing OFF on input line 4182.
Package hyperref Info: Implicit mode ON; LaTeX internals redefined.
\stockwidth=\dimen140
\stockheight=\dimen141
Package hyperref Info: Bookmarks ON on input line 4410.
\c@Hy@tempcnt=\count197
 (C:\Users\matif\AppData\Local\Programs\MiKTeX\tex/latex/url\url.sty
\Urlmuskip=\muskip16
Package: url 2013/09/16  ver 3.4  Verb mode for urls, etc.
)
LaTeX Info: Redefining \url on input line 4748.
\XeTeXLinkMargin=\dimen142
 (C:\Users\matif\AppData\Local\Programs\MiKTeX\tex/generic/bitset\bitset.sty
Package: bitset 2019/12/09 v1.3 Handle bit-vector datatype (HO)
 (C:\Users\matif\AppData\Local\Programs\MiKTeX\tex/generic/bigintcalc\bigintcalc.sty
Package: bigintcalc 2019/12/15 v1.5 Expandable calculations on big integers (HO)
))
\Fld@menulength=\count198
\Field@Width=\dimen143
\Fld@charsize=\dimen144
Package hyperref Info: Hyper figures OFF on input line 6027.
Package hyperref Info: Link nesting OFF on input line 6032.
Package hyperref Info: Hyper index ON on input line 6035.
Package hyperref Info: backreferencing OFF on input line 6042.
Package hyperref Info: Link coloring OFF on input line 6047.
Package hyperref Info: Link coloring with OCG OFF on input line 6052.
Package hyperref Info: PDF/A mode OFF on input line 6057.
 (C:\Users\matif\AppData\Local\Programs\MiKTeX\tex/latex/base\atbegshi-ltx.sty
Package: atbegshi-ltx 2021/01/10 v1.0c Emulation of the original atbegshi
package with kernel methods
)
\Hy@abspage=\count199
\c@Item=\count266
\c@Hfootnote=\count267
)
Package hyperref Info: Driver (autodetected): hpdftex.
 (C:\Users\matif\AppData\Local\Programs\MiKTeX\tex/latex/hyperref\hpdftex.def
File: hpdftex.def 2022-09-22 v7.00t Hyperref driver for pdfTeX
 (C:\Users\matif\AppData\Local\Programs\MiKTeX\tex/latex/base\atveryend-ltx.sty
Package: atveryend-ltx 2020/08/19 v1.0a Emulation of the original atveryend package
with kernel methods
)
\Fld@listcount=\count268
\c@bookmark@seq@number=\count269
 (C:\Users\matif\AppData\Local\Programs\MiKTeX\tex/latex/rerunfilecheck\rerunfilecheck.sty
Package: rerunfilecheck 2022-07-10 v1.10 Rerun checks for auxiliary files (HO)
 (C:\Users\matif\AppData\Local\Programs\MiKTeX\tex/generic/uniquecounter\uniquecounter.sty
Package: uniquecounter 2019/12/15 v1.4 Provide unlimited unique counter (HO)
)
Package uniquecounter Info: New unique counter `rerunfilecheck' on input line 285.
)
\Hy@SectionHShift=\skip49
) (C:\Users\matif\AppData\Local\Programs\MiKTeX\tex/generic/babel\babel.sty
Package: babel 2022/10/04 3.81 The Babel package
\babel@savecnt=\count270
\U@D=\dimen145
\l@unhyphenated=\language79
 (C:\Users\matif\AppData\Local\Programs\MiKTeX\tex/generic/babel\txtbabel.def)
\bbl@readstream=\read2
\bbl@dirlevel=\count271

*************************************
* Local config file bblopts.cfg used
*
(C:\Users\matif\AppData\Local\Programs\MiKTeX\tex/latex/arabi\bblopts.cfg
File: bblopts.cfg 2005/09/08 v0.1 add Arabic and Farsi to "declared" options of babel
) (C:\Users\matif\AppData\Local\Programs\MiKTeX\tex/latex/babel-english\english.ldf
Language: english 2017/06/06 v3.3r English support from the babel system
Package babel Info: Hyphen rules for 'canadian' set to \l@english
(babel)             (\language0). Reported on input line 102.
Package babel Info: Hyphen rules for 'australian' set to \l@ukenglish
(babel)             (\language73). Reported on input line 105.
Package babel Info: Hyphen rules for 'newzealand' set to \l@ukenglish
(babel)             (\language73). Reported on input line 108.
)) (C:\Users\matif\AppData\Local\Programs\MiKTeX\tex/generic/babel/locale/en\babel-english.tex
Package babel Info: Importing font and identification data for english
(babel)             from babel-en.ini. Reported on input line 11.
) (C:\Users\matif\AppData\Local\Programs\MiKTeX\tex/latex/base\inputenc.sty
Package: inputenc 2021/02/14 v1.3d Input encoding file
\inpenc@prehook=\toks17
\inpenc@posthook=\toks18
) (C:\Users\matif\AppData\Local\Programs\MiKTeX\tex/latex/fancyhdr\fancyhdr.sty
Package: fancyhdr 2022/11/09 v4.1 Extensive control of page headers and footers
\f@nch@headwidth=\skip50
\f@nch@O@elh=\skip51
\f@nch@O@erh=\skip52
\f@nch@O@olh=\skip53
\f@nch@O@orh=\skip54
\f@nch@O@elf=\skip55
\f@nch@O@erf=\skip56
\f@nch@O@olf=\skip57
\f@nch@O@orf=\skip58
) (C:\Users\matif\AppData\Local\Programs\MiKTeX\tex/latex/lastpage\lastpage.sty
Package: lastpage 2021/09/03 v1.2n Refers to last page's name (HMM; JPG)
) (C:\Users\matif\AppData\Local\Programs\MiKTeX\tex/latex/listings\listings.sty
\lst@mode=\count272
\lst@gtempboxa=\box51
\lst@token=\toks19
\lst@length=\count273
\lst@currlwidth=\dimen146
\lst@column=\count274
\lst@pos=\count275
\lst@lostspace=\dimen147
\lst@width=\dimen148
\lst@newlines=\count276
\lst@lineno=\count277
\lst@maxwidth=\dimen149
 (C:\Users\matif\AppData\Local\Programs\MiKTeX\tex/latex/listings\lstmisc.sty
File: lstmisc.sty 2020/03/24 1.8d (Carsten Heinz)
\c@lstnumber=\count278
\lst@skipnumbers=\count279
\lst@framebox=\box52
) (C:\Users\matif\AppData\Local\Programs\MiKTeX\tex/latex/listings\listings.cfg
File: listings.cfg 2020/03/24 1.8d listings configuration
))
Package: listings 2020/03/24 1.8d (Carsten Heinz)
 (C:\Users\matif\AppData\Local\Programs\MiKTeX\tex/latex/amsfonts\amssymb.sty
Package: amssymb 2013/01/14 v3.01 AMS font symbols
 (C:\Users\matif\AppData\Local\Programs\MiKTeX\tex/latex/amsfonts\amsfonts.sty
Package: amsfonts 2013/01/14 v3.01 Basic AMSFonts support
\@emptytoks=\toks20
\symAMSa=\mathgroup4
\symAMSb=\mathgroup5
LaTeX Font Info:    Redeclaring math symbol \hbar on input line 98.
LaTeX Font Info:    Overwriting math alphabet `\mathfrak' in version `bold'
(Font)                  U/euf/m/n --> U/euf/b/n on input line 106.
)) (C:\Users\matif\AppData\Local\Programs\MiKTeX\tex/latex/graphics\color.sty
Package: color 2022/01/06 v1.3d Standard LaTeX Color (DPC)
 (C:\Users\matif\AppData\Local\Programs\MiKTeX\tex/latex/graphics-cfg\color.cfg
File: color.cfg 2016/01/02 v1.6 sample color configuration
)
Package color Info: Driver file: pdftex.def on input line 149.
 (C:\Users\matif\AppData\Local\Programs\MiKTeX\tex/latex/graphics-def\pdftex.def
File: pdftex.def 2022/09/22 v1.2b Graphics/color driver for pdftex
) (C:\Users\matif\AppData\Local\Programs\MiKTeX\tex/latex/graphics\dvipsnam.def
File: dvipsnam.def 2016/06/17 v3.0m Driver-dependent file (DPC,SPQR)
) (C:\Users\matif\AppData\Local\Programs\MiKTeX\tex/latex/graphics\mathcolor.ltx)) (C:\Users\matif\AppData\Local\Programs\MiKTeX\tex/latex/graphics\graphicx.sty
Package: graphicx 2021/09/16 v1.2d Enhanced LaTeX Graphics (DPC,SPQR)
 (C:\Users\matif\AppData\Local\Programs\MiKTeX\tex/latex/graphics\graphics.sty
Package: graphics 2022/03/10 v1.4e Standard LaTeX Graphics (DPC,SPQR)
 (C:\Users\matif\AppData\Local\Programs\MiKTeX\tex/latex/graphics\trig.sty
Package: trig 2021/08/11 v1.11 sin cos tan (DPC)
) (C:\Users\matif\AppData\Local\Programs\MiKTeX\tex/latex/graphics-cfg\graphics.cfg
File: graphics.cfg 2016/06/04 v1.11 sample graphics configuration
)
Package graphics Info: Driver file: pdftex.def on input line 107.
)
\Gin@req@height=\dimen150
\Gin@req@width=\dimen151
) (C:\Users\matif\AppData\Local\Programs\MiKTeX\tex/latex/wrapfig\wrapfig.sty
\wrapoverhang=\dimen152
\WF@size=\dimen153
\c@WF@wrappedlines=\count280
\WF@box=\box53
\WF@everypar=\toks21
Package: wrapfig 2003/01/31  v 3.6
) (C:\Users\matif\AppData\Local\Programs\MiKTeX\tex/latex/amsmath\amsmath.sty
Package: amsmath 2022/04/08 v2.17n AMS math features
\@mathmargin=\skip59

For additional information on amsmath, use the `?' option.
(C:\Users\matif\AppData\Local\Programs\MiKTeX\tex/latex/amsmath\amstext.sty
Package: amstext 2021/08/26 v2.01 AMS text
 (C:\Users\matif\AppData\Local\Programs\MiKTeX\tex/latex/amsmath\amsgen.sty
File: amsgen.sty 1999/11/30 v2.0 generic functions
\@emptytoks=\toks22
\ex@=\dimen154
)) (C:\Users\matif\AppData\Local\Programs\MiKTeX\tex/latex/amsmath\amsbsy.sty
Package: amsbsy 1999/11/29 v1.2d Bold Symbols
\pmbraise@=\dimen155
) (C:\Users\matif\AppData\Local\Programs\MiKTeX\tex/latex/amsmath\amsopn.sty
Package: amsopn 2022/04/08 v2.04 operator names
)
\inf@bad=\count281
LaTeX Info: Redefining \frac on input line 234.
\uproot@=\count282
\leftroot@=\count283
LaTeX Info: Redefining \overline on input line 399.
LaTeX Info: Redefining \colon on input line 410.
\classnum@=\count284
\DOTSCASE@=\count285
LaTeX Info: Redefining \ldots on input line 496.
LaTeX Info: Redefining \dots on input line 499.
LaTeX Info: Redefining \cdots on input line 620.
\Mathstrutbox@=\box54
\strutbox@=\box55
LaTeX Info: Redefining \big on input line 722.
LaTeX Info: Redefining \Big on input line 723.
LaTeX Info: Redefining \bigg on input line 724.
LaTeX Info: Redefining \Bigg on input line 725.
\big@size=\dimen156
LaTeX Font Info:    Redeclaring font encoding OML on input line 743.
LaTeX Font Info:    Redeclaring font encoding OMS on input line 744.
\macc@depth=\count286
LaTeX Info: Redefining \bmod on input line 905.
LaTeX Info: Redefining \pmod on input line 910.
LaTeX Info: Redefining \smash on input line 940.
LaTeX Info: Redefining \relbar on input line 970.
LaTeX Info: Redefining \Relbar on input line 971.
\c@MaxMatrixCols=\count287
\dotsspace@=\muskip17
\c@parentequation=\count288
\dspbrk@lvl=\count289
\tag@help=\toks23
\row@=\count290
\column@=\count291
\maxfields@=\count292
\andhelp@=\toks24
\eqnshift@=\dimen157
\alignsep@=\dimen158
\tagshift@=\dimen159
\tagwidth@=\dimen160
\totwidth@=\dimen161
\lineht@=\dimen162
\@envbody=\toks25
\multlinegap=\skip60
\multlinetaggap=\skip61
\mathdisplay@stack=\toks26
LaTeX Info: Redefining \[ on input line 2953.
LaTeX Info: Redefining \] on input line 2954.
) (C:\Users\matif\AppData\Local\Programs\MiKTeX\tex/latex/base\makeidx.sty
Package: makeidx 2021/10/04 v1.0m Standard LaTeX package
) (C:\Users\matif\AppData\Local\Programs\MiKTeX\tex/latex/listings\lstlang1.sty
File: lstlang1.sty 2020/03/24 1.8d listings language file
) (C:\Users\matif\AppData\Local\Programs\MiKTeX\tex/latex/listings\lstlang1.sty
File: lstlang1.sty 2020/03/24 1.8d listings language file
) (C:\Users\matif\AppData\Local\Programs\MiKTeX\tex/latex/listings\lstmisc.sty
File: lstmisc.sty 2020/03/24 1.8d (Carsten Heinz)
) (C:\Users\matif\AppData\Local\Programs\MiKTeX\tex/latex/l3backend\l3backend-pdftex.def
File: l3backend-pdftex.def 2022-09-28 L3 backend support: PDF output (pdfTeX)
\l__color_backend_stack_int=\count293
\l__pdf_internal_box=\box56
) (c:\Users\matif\Documents\NaN\Notebook C++\build\estufa.aux)
\openout1 = `estufa.aux'.

LaTeX Font Info:    Checking defaults for OML/cmm/m/it on input line 121.
LaTeX Font Info:    ... okay on input line 121.
LaTeX Font Info:    Checking defaults for OMS/cmsy/m/n on input line 121.
LaTeX Font Info:    ... okay on input line 121.
LaTeX Font Info:    Checking defaults for OT1/cmr/m/n on input line 121.
LaTeX Font Info:    ... okay on input line 121.
LaTeX Font Info:    Checking defaults for T1/cmr/m/n on input line 121.
LaTeX Font Info:    ... okay on input line 121.
LaTeX Font Info:    Checking defaults for TS1/cmr/m/n on input line 121.
LaTeX Font Info:    ... okay on input line 121.
LaTeX Font Info:    Checking defaults for OMX/cmex/m/n on input line 121.
LaTeX Font Info:    ... okay on input line 121.
LaTeX Font Info:    Checking defaults for U/cmr/m/n on input line 121.
LaTeX Font Info:    ... okay on input line 121.
LaTeX Font Info:    Checking defaults for PD1/pdf/m/n on input line 121.
LaTeX Font Info:    ... okay on input line 121.
LaTeX Font Info:    Checking defaults for PU/pdf/m/n on input line 121.
LaTeX Font Info:    ... okay on input line 121.
Package hyperref Info: Link coloring OFF on input line 121.
 (c:\Users\matif\Documents\NaN\Notebook C++\build\estufa.out) (c:\Users\matif\Documents\NaN\Notebook C++\build\estufa.out)
\@outlinefile=\write3
\openout3 = `estufa.out'.

Package lastpage Info: Please have a look at the pageslts package at
(lastpage)             https://www.ctan.org/pkg/pageslts
(lastpage)             ! on input line 121.
\c@lstlisting=\count294
 (C:\Users\matif\AppData\Local\Programs\MiKTeX\tex/context/base/mkii\supp-pdf.mkii
[Loading MPS to PDF converter (version 2006.09.02).]
\scratchcounter=\count295
\scratchdimen=\dimen163
\scratchbox=\box57
\nofMPsegments=\count296
\nofMParguments=\count297
\everyMPshowfont=\toks27
\MPscratchCnt=\count298
\MPscratchDim=\dimen164
\MPnumerator=\count299
\makeMPintoPDFobject=\count300
\everyMPtoPDFconversion=\toks28
) (C:\Users\matif\AppData\Local\Programs\MiKTeX\tex/latex/epstopdf-pkg\epstopdf-base.sty
Package: epstopdf-base 2020-01-24 v2.11 Base part for package epstopdf
Package epstopdf-base Info: Redefining graphics rule for `.eps' on input line 485.
 (C:\Users\matif\AppData\Local\Programs\MiKTeX\tex/latex/00miktex\epstopdf-sys.cfg
File: epstopdf-sys.cfg 2021/03/18 v2.0 Configuration of epstopdf for MiKTeX
))
<NaN.png, id=611, 3011.25pt x 3011.25pt>
File: NaN.png Graphic file (type png)
<use NaN.png>
Package pdftex.def Info: NaN.png  used on input line 125.
(pdftex.def)             Requested size: 156.49014pt x 156.45265pt.
 (c:\Users\matif\Documents\NaN\Notebook C++\build\estufa.toc
LaTeX Font Info:    Trying to load font information for U+msa on input line 3.
 (C:\Users\matif\AppData\Local\Programs\MiKTeX\tex/latex/amsfonts\umsa.fd
File: umsa.fd 2013/01/14 v3.01 AMS symbols A
)
LaTeX Font Info:    Trying to load font information for U+msb on input line 3.
 (C:\Users\matif\AppData\Local\Programs\MiKTeX\tex/latex/amsfonts\umsb.fd
File: umsb.fd 2013/01/14 v3.01 AMS symbols B
) [1{C:/Users/matif/AppData/Local/MiKTeX/fonts/map/pdftex/pdftex.map}

 <./NaN.png>] [2])
\tf@toc=\write4
\openout4 = `estufa.toc'.

Package hyperref Info: bookmark level for unknown lstlisting defaults to 0 on input line 134.
 (general/plantilla.cpp) (general/compilar.sh [3]) (general/INFORMACION.cpp
Underfull \vbox (badness 10000) has occurred while \output is active []

 [4]
Underfull \vbox (badness 10000) has occurred while \output is active []

) (general/medir_tiempo.cpp) (general/plantilla_old.cpp [5]) (data_structures/compresion_de_coordenadas.cpp) (data_structures/dsu.cpp) [6] (data_structures/fenwick.cpp) (data_structures/implicit_treap.cpp
Underfull \vbox (badness 10000) has occurred while \output is active []

 [7]) (data_structures/indexed_set.cpp) (data_structures/indexed_set_casero.cpp [8]
Underfull \vbox (badness 10000) has occurred while \output is active []

) (data_structures/linked_list.cpp) (data_structures/Mo_DQuery.cpp [9])
Underfull \vbox (badness 10000) has occurred while \output is active []

 (data_structures/segment_tree_iterative/segtree_2d.cpp) (data_structures/segment_tree_iterative/segtree_point_query.cpp [10]) (data_structures/segment_tree_iterative/segtree_range_query.cpp) [11] (data_structures/segment_tree_recursive/Find_kth_min.cpp
Underfull \vbox (badness 10000) has occurred while \output is active []

 [12]) (data_structures/segment_tree_recursive/Lazy_Aritmetic_Sum.cpp) (data_structures/segment_tree_recursive/Lazy_Extreme.cpp [13]
Underfull \vbox (badness 10000) has occurred while \output is active []

) (data_structures/segment_tree_recursive/Merge_Sort_Tree.cpp [14]
Underfull \vbox (badness 10000) has occurred while \output is active []

) (data_structures/segment_tree_recursive/persistent.cpp [15]) (data_structures/segment_tree_recursive/segtree.cpp) [16] (data_structures/sqrt_decomposition.cpp
Underfull \vbox (badness 10000) has occurred while \output is active []

 [17]) (data_structures/sum_min_k_multiset.cpp) (data_structures/treap.cpp [18]) (dp/CHT_Dynamic.cpp [19]) (dp/CHT_Li_Chao_Tree.cpp) (dp/CHull_Trick.cpp
Underfull \vbox (badness 10000) has occurred while \output is active []

 [20]) (dp/Count_Cycles.cpp) (dp/divide_and_conquer_dp_opt.cpp [21]) (dp/elevator_problem.cpp) (dp/knapsack.cpp) (dp/knapsack_big_w.cpp [22]) (dp/Knapsack_weighted.cpp) (dp/knuth_division_dp_opt.cpp) (dp/LCS.cpp [23]) (dp/LIS.cpp) (dp/merge_Sort.cpp) [24] (geometry/angular_sort.cpp) (geometry/calipers.cpp) (geometry/closest_points.cpp) (geometry/closest_points_Monogon.cpp [25]) (geometry/complex.cpp) (geometry/convex_hull.cpp [26]) (geometry/formulas.cpp) (geometry/intersection_all.cpp
Underfull \vbox (badness 10000) has occurred while \output is active []

 [27]) (geometry/kd_tree.cpp
Underfull \vbox (badness 10000) has occurred while \output is active []

 [28]) (geometry/point_in_poly.cpp) (geometry/template_punto.cpp
Underfull \vbox (badness 10000) has occurred while \output is active []

 [29]) (grafos/2SAT.cpp [30]) (grafos/bellman_ford.cpp) (grafos/BFS.cpp) [31] (grafos/biconnected.cpp) (grafos/componentes_fuertemente_conexas.cpp [32]) (grafos/dfs.cpp) (grafos/dijkstra.cpp) (grafos/dominator_Tree.cpp [33]
Underfull \vbox (badness 10000) has occurred while \output is active []

) (grafos/dynamic_Connectivity.cpp [34]
Underfull \vbox (badness 10000) has occurred while \output is active []

) (grafos/eulerian_cycle.cpp [35]) (grafos/flow/blossom.cpp) (grafos/flow/dinic.cpp [36]) (grafos/flow/hopcroft_karp.cpp
LaTeX Font Info:    Trying to load font information for TS1+cmtt on input line 2.
 (C:\Users\matif\AppData\Local\Programs\MiKTeX\tex/latex/base\ts1cmtt.fd
File: ts1cmtt.fd 2019/12/16 v2.5j Standard LaTeX font definitions
)) (grafos/flow/hungarian.cpp
Underfull \vbox (badness 3148) has occurred while \output is active []

 [37]
Underfull \vbox (badness 10000) has occurred while \output is active []

) (grafos/flow/maximum_bipartite_matching.cpp [38]) (grafos/flow/max_flow.cpp
Underfull \vbox (badness 10000) has occurred while \output is active []

 [39]) (grafos/flow/max_flow_min_cost.cpp
Underfull \vbox (badness 10000) has occurred while \output is active []

 [40]) (grafos/flow/max_flow_min_cost_multiedge.cpp
Underfull \vbox (badness 10000) has occurred while \output is active []

 [41]) (grafos/flow/min_cost_flow.cpp) [42] (grafos/floyd_warshall.cpp) (grafos/FordFulkerson.cpp) (grafos/kruskal.cpp [43]) (grafos/prim.cpp) (grafos/toposort.cpp [44]) (math/bell.cpp) (math/berlekamp_massey.cpp [45]) (math/catalan.cpp) (math/coeficientes_binomiales.cpp) (math/fft.cpp [46]) (math/fft_mod.cpp
Underfull \vbox (badness 10000) has occurred while \output is active []

 [47]) (math/fht.cpp) (math/fracciones.cpp) (math/gauss_sistema_ecuaciones.cpp [48]
Underfull \vbox (badness 10000) has occurred while \output is active []

) (math/inverse_matrix.cpp [49]) (math/iterate_submask.cpp) (math/lagrange.cpp) (math/linear_rec.cpp) (math/matrix_fast_pow.cpp [50]) (math/matrix_reduce.cpp) (math/ntt.cpp
Underfull \vbox (badness 10000) has occurred while \output is active []

 [51]) (math/polynomial.cpp
Underfull \vbox (badness 10000) has occurred while \output is active []

 [52]) (math/print_int128.cpp) (math/random.cpp) (math/shortest_path_matrix_exp.cpp) (math/simplex.cpp [53]) (math/simpson.cpp) (number_theory/binexp_invmod.cpp) (number_theory/criba_phi_euler.cpp [54]) (number_theory/criba_primos.cpp) (number_theory/diofantica.cpp) (number_theory/discrete_log.cpp [55]) (number_theory/discrete_root.cpp) (number_theory/divisors.cpp [56]) (number_theory/fast_factorization_mrabin_prho.cpp) (number_theory/modint.cpp [57]) (number_theory/mod_ops.cpp) (number_theory/moebius.cpp) (number_theory/teo_chino_resto.cpp [58]) (Python/numbs.py [59]
Underfull \vbox (badness 10000) has occurred while \output is active []


Underfull \vbox (badness 10000) has occurred while \output is active []

 [60]
Underfull \vbox (badness 10000) has occurred while \output is active []


Underfull \vbox (badness 10000) has occurred while \output is active []

 [61]
Underfull \vbox (badness 10000) has occurred while \output is active []


Underfull \vbox (badness 10000) has occurred while \output is active []

 [62]
Underfull \vbox (badness 10000) has occurred while \output is active []

)
Underfull \vbox (badness 10000) has occurred while \output is active []

 [63] (Python/strings.py) [64] (strings/aho_corasick.cpp) (strings/dynamic_Hash.cpp [65]
Underfull \vbox (badness 10000) has occurred while \output is active []

) (strings/find_kth_substr_repetitions.cpp [66]
Underfull \vbox (badness 10000) has occurred while \output is active []

) (strings/hashing.cpp [67]) (strings/manacher.cpp) (strings/palindromic_tree.cpp) (strings/prefix_function.cpp)
Underfull \vbox (badness 4556) has occurred while \output is active []

 [68] (strings/rabin_karp.cpp) (strings/suffix_array.cpp
Underfull \vbox (badness 10000) has occurred while \output is active []

 [69]) (strings/suffix_automaton.cpp
Underfull \vbox (badness 10000) has occurred while \output is active []

 [70]) (strings/trie.cpp) (strings/z_function.cpp) [71] (testing/a.cpp) (testing/brute.cpp) (testing/gen.cpp) (testing/gen_tree.cpp [72]) (testing/gen_tree2.cpp) (testing/in) (testing/README.md) (testing/stress.sh) [73] (tree/binary_lifting.cpp) (tree/centroid.cpp) (tree/centroid_cses.cpp) (tree/diameter.cpp [74]) (tree/DSU_on_Tree.cpp) (tree/dynamic_connectivity.cpp [75]) (tree/find_centroid.cpp) (tree/hld.cpp [76]) (tree/isomorphism_centroid.cpp
Underfull \vbox (badness 10000) has occurred while \output is active []

 [77]) (tree/LCA.cpp) (tree/link_cut_tree.cpp [78]) (tree/sm_to_large.cpp) [79] 
AED: lastpage setting LastPage
(c:\Users\matif\Documents\NaN\Notebook C++\build\estufa.aux)
Package rerunfilecheck Info: File `estufa.out' has not changed.
(rerunfilecheck)             Checksum: D801AE7702D704317F9CBC0596E42698;17778.
 ) 
Here is how much of TeX's memory you used:
 23076 strings out of 475385
 359461 string characters out of 2776907
 1609373 words of memory out of 3000000
 37672 multiletter control sequences out of 15000+600000
 474146 words of font info for 47 fonts, out of 8000000 for 9000
 1141 hyphenation exceptions out of 8191
 72i,12n,77p,411b,2181s stack positions out of 10000i,1000n,20000p,200000b,80000s
 <C:\Users\matif\AppData\Local\MiKTeX\fonts/pk/ljfour/jknappen/ec/dpi600\tctt1000.pk><C:/Users/matif/AppData/Local/Programs/MiKTeX/fonts/type1/public/amsfonts/cm/cmbx10.pfb><C:/Users/matif/AppData/Local/Programs/MiKTeX/fonts/type1/public/amsfonts/cm/cmbx12.pfb><C:/Users/matif/AppData/Local/Programs/MiKTeX/fonts/type1/public/amsfonts/cm/cmr10.pfb><C:/Users/matif/AppData/Local/Programs/MiKTeX/fonts/type1/public/amsfonts/cm/cmr5.pfb><C:/Users/matif/AppData/Local/Programs/MiKTeX/fonts/type1/public/amsfonts/cm/cmssbx10.pfb><C:/Users/matif/AppData/Local/Programs/MiKTeX/fonts/type1/public/amsfonts/cm/cmtt10.pfb>
Output written on "c:\Users\matif\Documents\NaN\Notebook C++\build\estufa.pdf" (79 pages, 5472890 bytes).
PDF statistics:
 8361 PDF objects out of 8907 (max. 8388607)
 6145 named destinations out of 6186 (max. 500000)
 1222 words of extra memory for PDF output out of 10000 (max. 10000000)

