\BOOKMARK [1][-]{section.1}{\376\377\000G}{}% 1
\BOOKMARK [2][-]{subsection.1.1}{\376\377\000P\000l\000a\000n\000t\000i\000l\000l\000a}{section.1}% 2
\BOOKMARK [2][-]{subsection.1.2}{\376\377\000C\000o\000m\000p\000i\000l\000a\000r}{section.1}% 3
\BOOKMARK [1][-]{section.2}{\376\377\000D\000a\000t\000a\000\040\000S\000t\000r\000u\000c\000t\000u\000r\000e\000s}{}% 4
\BOOKMARK [2][-]{subsection.2.1}{\376\377\000C\000o\000m\000p\000r\000e\000s\000i\000o\000n\000\040\000D\000e\000\040\000C\000o\000o\000r\000d\000e\000n\000a\000d\000a\000s}{section.2}% 5
\BOOKMARK [2][-]{subsection.2.2}{\376\377\000D\000s\000u}{section.2}% 6
\BOOKMARK [2][-]{subsection.2.3}{\376\377\000I\000m\000p\000l\000i\000c\000i\000t\000\040\000T\000r\000e\000a\000p}{section.2}% 7
\BOOKMARK [2][-]{subsection.2.4}{\376\377\000I\000n\000d\000e\000x\000e\000d\000\040\000S\000e\000t}{section.2}% 8
\BOOKMARK [2][-]{subsection.2.5}{\376\377\000L\000a\000z\000y\000-\000P\000r\000o\000p\000a\000g\000a\000t\000i\000o\000n}{section.2}% 9
\BOOKMARK [2][-]{subsection.2.6}{\376\377\000M\000o\000\040\000D\000q\000u\000e\000r\000y}{section.2}% 10
\BOOKMARK [2][-]{subsection.2.7}{\376\377\000P\000e\000r\000s\000i\000s\000t\000e\000n\000t}{section.2}% 11
\BOOKMARK [2][-]{subsection.2.8}{\376\377\000S\000e\000g\000t\000r\000e\000e\000-\000I\000t\000e\000r\000a\000t\000i\000v\000e}{section.2}% 12
\BOOKMARK [1][-]{section.3}{\376\377\000D\000p}{}% 13
\BOOKMARK [2][-]{subsection.3.1}{\376\377\000C\000h\000t\000\040\000D\000y\000n\000a\000m\000i\000c}{section.3}% 14
\BOOKMARK [2][-]{subsection.3.2}{\376\377\000D\000i\000v\000i\000d\000e\000\040\000A\000n\000d\000\040\000C\000o\000n\000q\000u\000e\000r\000\040\000D\000p\000\040\000O\000p\000t}{section.3}% 15
\BOOKMARK [2][-]{subsection.3.3}{\376\377\000K\000n\000a\000p\000s\000a\000c\000k\000\040\000W\000e\000i\000g\000h\000t\000e\000d}{section.3}% 16
\BOOKMARK [2][-]{subsection.3.4}{\376\377\000K\000n\000u\000t\000h\000\040\000D\000i\000v\000i\000s\000i\000o\000n\000\040\000D\000p\000\040\000O\000p\000t}{section.3}% 17
\BOOKMARK [2][-]{subsection.3.5}{\376\377\000L\000i\000s}{section.3}% 18
\BOOKMARK [1][-]{section.4}{\376\377\000G\000e\000n\000e\000r\000a\000l}{}% 19
\BOOKMARK [2][-]{subsection.4.1}{\376\377\000P\000l\000a\000n\000t\000i\000l\000l\000a}{section.4}% 20
\BOOKMARK [2][-]{subsection.4.2}{\376\377\000C\000o\000m\000p\000i\000l\000a\000r}{section.4}% 21
\BOOKMARK [1][-]{section.5}{\376\377\000G\000e\000o\000m\000e\000t\000r\000y}{}% 22
\BOOKMARK [2][-]{subsection.5.1}{\376\377\000A\000n\000g\000u\000l\000a\000r\000\040\000S\000o\000r\000t}{section.5}% 23
\BOOKMARK [2][-]{subsection.5.2}{\376\377\000C\000a\000l\000i\000p\000e\000r\000s}{section.5}% 24
\BOOKMARK [2][-]{subsection.5.3}{\376\377\000C\000l\000o\000s\000e\000s\000t\000\040\000P\000o\000i\000n\000t\000s\000\040\000M\000o\000n\000o\000g\000o\000n}{section.5}% 25
\BOOKMARK [2][-]{subsection.5.4}{\376\377\000C\000o\000m\000p\000l\000e\000x}{section.5}% 26
\BOOKMARK [2][-]{subsection.5.5}{\376\377\000C\000o\000n\000v\000e\000x\000\040\000H\000u\000l\000l}{section.5}% 27
\BOOKMARK [2][-]{subsection.5.6}{\376\377\000F\000o\000r\000m\000u\000l\000a\000s}{section.5}% 28
\BOOKMARK [2][-]{subsection.5.7}{\376\377\000I\000n\000t\000e\000r\000s\000e\000c\000t\000i\000o\000n\000\040\000A\000l\000l}{section.5}% 29
\BOOKMARK [2][-]{subsection.5.8}{\376\377\000P\000o\000i\000n\000t\000\040\000I\000n\000\040\000P\000o\000l\000y}{section.5}% 30
\BOOKMARK [2][-]{subsection.5.9}{\376\377\000T\000e\000m\000p\000l\000a\000t\000e\000\040\000P\000u\000n\000t\000o}{section.5}% 31
\BOOKMARK [1][-]{section.6}{\376\377\000G\000r\000a\000f\000o\000s}{}% 32
\BOOKMARK [2][-]{subsection.6.1}{\376\377\0002\000S\000a\000t}{section.6}% 33
\BOOKMARK [2][-]{subsection.6.2}{\376\377\000B\000e\000l\000l\000m\000a\000n\000\040\000F\000o\000r\000d}{section.6}% 34
\BOOKMARK [2][-]{subsection.6.3}{\376\377\000B\000i\000c\000o\000n\000n\000e\000c\000t\000e\000d}{section.6}% 35
\BOOKMARK [2][-]{subsection.6.4}{\376\377\000B\000l\000o\000s\000s\000o\000m}{section.6}% 36
\BOOKMARK [2][-]{subsection.6.5}{\376\377\000C\000o\000m\000p\000o\000n\000e\000n\000t\000e\000s\000\040\000F\000u\000e\000r\000t\000e\000m\000e\000n\000t\000e\000\040\000C\000o\000n\000e\000x\000a\000s}{section.6}% 37
\BOOKMARK [2][-]{subsection.6.6}{\376\377\000D\000i\000n\000i\000c}{section.6}% 38
\BOOKMARK [2][-]{subsection.6.7}{\376\377\000D\000y\000n\000a\000m\000i\000c\000\040\000C\000o\000n\000n\000e\000c\000t\000i\000v\000i\000t\000y}{section.6}% 39
\BOOKMARK [2][-]{subsection.6.8}{\376\377\000E\000u\000l\000e\000r\000i\000a\000n\000\040\000C\000y\000c\000l\000e}{section.6}% 40
\BOOKMARK [2][-]{subsection.6.9}{\376\377\000F\000l\000o\000y\000d\000\040\000W\000a\000r\000s\000h\000a\000l\000l}{section.6}% 41
\BOOKMARK [2][-]{subsection.6.10}{\376\377\000F\000o\000r\000d\000f\000u\000l\000k\000e\000r\000s\000o\000n}{section.6}% 42
\BOOKMARK [2][-]{subsection.6.11}{\376\377\000H\000u\000n\000g\000a\000r\000i\000a\000n}{section.6}% 43
\BOOKMARK [2][-]{subsection.6.12}{\376\377\000M\000a\000x\000\040\000F\000l\000o\000w\000\040\000M\000i\000n\000\040\000C\000o\000s\000t\000\040\000M\000u\000l\000t\000i\000e\000d\000g\000e}{section.6}% 44
\BOOKMARK [2][-]{subsection.6.13}{\376\377\000M\000i\000n\000\040\000C\000o\000s\000t\000\040\000F\000l\000o\000w}{section.6}% 45
\BOOKMARK [2][-]{subsection.6.14}{\376\377\000T\000o\000p\000o\000s\000o\000r\000t}{section.6}% 46
\BOOKMARK [1][-]{section.7}{\376\377\000M\000a\000t\000h}{}% 47
\BOOKMARK [2][-]{subsection.7.1}{\376\377\000B\000e\000l\000l}{section.7}% 48
\BOOKMARK [2][-]{subsection.7.2}{\376\377\000B\000e\000r\000l\000e\000k\000a\000m\000p\000\040\000M\000a\000s\000s\000e\000y}{section.7}% 49
\BOOKMARK [2][-]{subsection.7.3}{\376\377\000C\000a\000t\000a\000l\000a\000n}{section.7}% 50
\BOOKMARK [2][-]{subsection.7.4}{\376\377\000C\000o\000e\000f\000i\000c\000i\000e\000n\000t\000e\000s\000\040\000B\000i\000n\000o\000m\000i\000a\000l\000e\000s}{section.7}% 51
\BOOKMARK [2][-]{subsection.7.5}{\376\377\000F\000f\000t\000\040\000M\000o\000d}{section.7}% 52
\BOOKMARK [2][-]{subsection.7.6}{\376\377\000F\000h\000t}{section.7}% 53
\BOOKMARK [2][-]{subsection.7.7}{\376\377\000G\000a\000u\000s\000s\000\040\000S\000i\000s\000t\000e\000m\000a\000\040\000E\000c\000u\000a\000c\000i\000o\000n\000e\000s}{section.7}% 54
\BOOKMARK [2][-]{subsection.7.8}{\376\377\000I\000n\000v\000e\000r\000s\000e\000\040\000M\000a\000t\000r\000i\000x}{section.7}% 55
\BOOKMARK [2][-]{subsection.7.9}{\376\377\000L\000a\000g\000r\000a\000n\000g\000e}{section.7}% 56
\BOOKMARK [2][-]{subsection.7.10}{\376\377\000L\000i\000n\000e\000a\000r\000\040\000R\000e\000c}{section.7}% 57
\BOOKMARK [2][-]{subsection.7.11}{\376\377\000M\000a\000t\000r\000i\000x\000\040\000F\000a\000s\000t\000\040\000P\000o\000w}{section.7}% 58
\BOOKMARK [2][-]{subsection.7.12}{\376\377\000M\000a\000t\000r\000i\000x\000\040\000R\000e\000d\000u\000c\000e}{section.7}% 59
\BOOKMARK [2][-]{subsection.7.13}{\376\377\000P\000o\000l\000y\000n\000o\000m\000i\000a\000l}{section.7}% 60
\BOOKMARK [2][-]{subsection.7.14}{\376\377\000P\000r\000i\000n\000t\000\040\000I\000n\000t\0001\0002\0008}{section.7}% 61
\BOOKMARK [2][-]{subsection.7.15}{\376\377\000R\000a\000n\000d\000o\000m}{section.7}% 62
\BOOKMARK [2][-]{subsection.7.16}{\376\377\000S\000i\000m\000p\000l\000e\000x}{section.7}% 63
\BOOKMARK [2][-]{subsection.7.17}{\376\377\000S\000i\000m\000p\000s\000o\000n}{section.7}% 64
\BOOKMARK [1][-]{section.8}{\376\377\000N\000u\000m\000b\000e\000r\000\040\000T\000h\000e\000o\000r\000y}{}% 65
\BOOKMARK [2][-]{subsection.8.1}{\376\377\000B\000i\000n\000e\000x\000p\000\040\000I\000n\000v\000m\000o\000d}{section.8}% 66
\BOOKMARK [2][-]{subsection.8.2}{\376\377\000C\000r\000i\000b\000a\000\040\000P\000h\000i\000\040\000E\000u\000l\000e\000r}{section.8}% 67
\BOOKMARK [2][-]{subsection.8.3}{\376\377\000C\000r\000i\000b\000a\000\040\000P\000r\000i\000m\000o\000s}{section.8}% 68
\BOOKMARK [2][-]{subsection.8.4}{\376\377\000D\000i\000s\000c\000r\000e\000t\000e\000\040\000L\000o\000g}{section.8}% 69
\BOOKMARK [2][-]{subsection.8.5}{\376\377\000D\000i\000s\000c\000r\000e\000t\000e\000\040\000R\000o\000o\000t}{section.8}% 70
\BOOKMARK [2][-]{subsection.8.6}{\376\377\000D\000i\000v\000i\000s\000o\000r\000s}{section.8}% 71
\BOOKMARK [2][-]{subsection.8.7}{\376\377\000F\000a\000s\000t\000\040\000F\000a\000c\000t\000o\000r\000i\000z\000a\000t\000i\000o\000n\000\040\000M\000r\000a\000b\000i\000n\000\040\000P\000r\000h\000o}{section.8}% 72
\BOOKMARK [2][-]{subsection.8.8}{\376\377\000T\000e\000o\000\040\000C\000h\000i\000n\000o\000\040\000R\000e\000s\000t\000o}{section.8}% 73
\BOOKMARK [1][-]{section.9}{\376\377\000P\000y\000t\000h\000o\000n}{}% 74
\BOOKMARK [2][-]{subsection.9.1}{\376\377\000N\000u\000m\000b\000s\000.\000P\000y}{section.9}% 75
\BOOKMARK [2][-]{subsection.9.2}{\376\377\000S\000t\000r\000i\000n\000g\000s\000.\000P\000y}{section.9}% 76
\BOOKMARK [1][-]{section.10}{\376\377\000S\000t\000r\000i\000n\000g\000s}{}% 77
\BOOKMARK [2][-]{subsection.10.1}{\376\377\000A\000h\000o\000\040\000C\000o\000r\000a\000s\000i\000c\000k}{section.10}% 78
\BOOKMARK [2][-]{subsection.10.2}{\376\377\000H\000a\000s\000h\000i\000n\000g}{section.10}% 79
\BOOKMARK [2][-]{subsection.10.3}{\376\377\000M\000a\000n\000a\000c\000h\000e\000r}{section.10}% 80
\BOOKMARK [2][-]{subsection.10.4}{\376\377\000P\000r\000e\000f\000i\000x\000\040\000F\000u\000n\000c\000t\000i\000o\000n}{section.10}% 81
\BOOKMARK [2][-]{subsection.10.5}{\376\377\000S\000u\000f\000f\000i\000x\000\040\000A\000r\000r\000a\000y}{section.10}% 82
\BOOKMARK [2][-]{subsection.10.6}{\376\377\000S\000u\000f\000f\000i\000x\000\040\000A\000u\000t\000o\000m\000a\000t\000o\000n}{section.10}% 83
\BOOKMARK [2][-]{subsection.10.7}{\376\377\000T\000r\000i\000e}{section.10}% 84
\BOOKMARK [2][-]{subsection.10.8}{\376\377\000Z\000\040\000F\000u\000n\000c\000t\000i\000o\000n}{section.10}% 85
\BOOKMARK [1][-]{section.11}{\376\377\000T\000r\000e\000e}{}% 86
\BOOKMARK [2][-]{subsection.11.1}{\376\377\000C\000e\000n\000t\000r\000o\000i\000d\000\040\000C\000s\000e\000s}{section.11}% 87
\BOOKMARK [2][-]{subsection.11.2}{\376\377\000D\000y\000n\000a\000m\000i\000c\000\040\000C\000o\000n\000n\000e\000c\000t\000i\000v\000i\000t\000y}{section.11}% 88
\BOOKMARK [2][-]{subsection.11.3}{\376\377\000H\000l\000d}{section.11}% 89
\BOOKMARK [2][-]{subsection.11.4}{\376\377\000I\000s\000o\000m\000o\000r\000p\000h\000i\000s\000m\000\040\000C\000e\000n\000t\000r\000o\000i\000d}{section.11}% 90
\BOOKMARK [2][-]{subsection.11.5}{\376\377\000L\000c\000a}{section.11}% 91
\BOOKMARK [2][-]{subsection.11.6}{\376\377\000L\000i\000n\000k\000\040\000C\000u\000t\000\040\000T\000r\000e\000e}{section.11}% 92
\BOOKMARK [2][-]{subsection.11.7}{\376\377\000S\000m\000\040\000T\000o\000\040\000L\000a\000r\000g\000e}{section.11}% 93
